<?xml version="1.0" encoding="UTF-8"?>
<!-- Generated by org.testng.reporters.JUnitReportReporter -->
<testsuite hostname="Hussain" failures="0" tests="3" name="test.DashboardTestPage" time="13.756" errors="0" timestamp="2023-06-16T01:06:39 EDT" skipped="0">
  <testcase classname="test.DashboardTestPage" name="userShouldNotBeAbleToAddDuplicateCategory" time="4.709"/>
  <system-out/>
  <testcase classname="test.DashboardTestPage" name="addCatagoryAndValidate" time="5.354"/>
  <system-out/>
  <testcase classname="test.DashboardTestPage" name="validateMonthDropDown" time="3.693"/>
  <system-out/>
</testsuite> <!-- test.DashboardTestPage -->
